<?xml version="1.0" encoding="UTF-8"?>
<!-- Generated by org.testng.reporters.JUnitXMLReporter -->
<testsuite ignored="1" hostname="DESKTOP-DV5LFHQ" failures="0" tests="1" name="Test" time="323.278" errors="0" timestamp="2023-04-10T12:54:56 IST">
  <testcase classname="Vtiger.organization.tests.CreateOrganizationTest" name="CreateOrgTest" time="99.401"/>
  <testcase classname="Vtiger.organization.tests.CreateOrganizationTest" name="another" time="0.0">
    <ignored/>
  </testcase> <!-- another -->
</testsuite> <!-- Test -->
