<?xml version="1.0" encoding="UTF-8"?>
<testng-results ignored="1" total="2" passed="1" failed="0" skipped="0">
  <reporter-output>
  </reporter-output>
  <suite started-at="2023-04-10T12:49:32 IST" name="Suite" finished-at="2023-04-10T12:54:56 IST" duration-ms="323278">
    <groups>
      <group name="SmokeSuite">
        <method signature="CreateOrganizationTest.CreateOrgTest()[pri:0, instance:Vtiger.organization.tests.CreateOrganizationTest@72967906]" name="CreateOrgTest" class="Vtiger.organization.tests.CreateOrganizationTest"/>
      </group> <!-- SmokeSuite -->
    </groups>
    <test started-at="2023-04-10T12:49:32 IST" name="Test" finished-at="2023-04-10T12:54:56 IST" duration-ms="323278">
      <class name="Vtiger.organization.tests.CreateOrganizationTest">
        <test-method is-config="true" signature="bsConfig()[pri:0, instance:Vtiger.organization.tests.CreateOrganizationTest@72967906]" started-at="2023-04-10T12:49:32 IST" name="bsConfig" finished-at="2023-04-10T12:49:32 IST" duration-ms="21" status="PASS">
          <reporter-output>
          </reporter-output>
        </test-method> <!-- bsConfig -->
        <test-method is-config="true" signature="bcConfig()[pri:0, instance:Vtiger.organization.tests.CreateOrganizationTest@72967906]" started-at="2023-04-10T12:49:32 IST" name="bcConfig" finished-at="2023-04-10T12:51:46 IST" duration-ms="133556" status="PASS">
          <reporter-output>
          </reporter-output>
        </test-method> <!-- bcConfig -->
        <test-method is-config="true" signature="bmConfig()[pri:0, instance:Vtiger.organization.tests.CreateOrganizationTest@72967906]" started-at="2023-04-10T12:51:46 IST" name="bmConfig" finished-at="2023-04-10T12:53:10 IST" duration-ms="83732" status="PASS">
          <reporter-output>
          </reporter-output>
        </test-method> <!-- bmConfig -->
        <test-method signature="CreateOrgTest()[pri:0, instance:Vtiger.organization.tests.CreateOrganizationTest@72967906]" started-at="2023-04-10T12:53:10 IST" name="CreateOrgTest" finished-at="2023-04-10T12:54:49 IST" duration-ms="99401" status="PASS">
          <reporter-output>
          </reporter-output>
        </test-method> <!-- CreateOrgTest -->
        <test-method is-config="true" signature="amConfig()[pri:0, instance:Vtiger.organization.tests.CreateOrganizationTest@72967906]" started-at="2023-04-10T12:54:49 IST" name="amConfig" finished-at="2023-04-10T12:54:54 IST" duration-ms="5403" status="PASS">
          <reporter-output>
          </reporter-output>
        </test-method> <!-- amConfig -->
        <test-method is-config="true" signature="acConfig()[pri:0, instance:Vtiger.organization.tests.CreateOrganizationTest@72967906]" started-at="2023-04-10T12:54:55 IST" name="acConfig" finished-at="2023-04-10T12:54:56 IST" duration-ms="970" status="PASS">
          <reporter-output>
          </reporter-output>
        </test-method> <!-- acConfig -->
        <test-method is-config="true" signature="asConfig()[pri:0, instance:Vtiger.organization.tests.CreateOrganizationTest@72967906]" started-at="2023-04-10T12:54:56 IST" name="asConfig" finished-at="2023-04-10T12:54:56 IST" duration-ms="1" status="PASS">
          <reporter-output>
          </reporter-output>
        </test-method> <!-- asConfig -->
      </class> <!-- Vtiger.organization.tests.CreateOrganizationTest -->
    </test> <!-- Test -->
  </suite> <!-- Suite -->
</testng-results>
